19-Mar-2024 10:59:57.993 INFO [main] org.apache.catalina.startup.VersionLoggerListener.log Server version name:   Apache Tomcat/10.1.19
19-Mar-2024 10:59:57.996 INFO [main] org.apache.catalina.startup.VersionLoggerListener.log Server built:          Feb 14 2024 19:36:50 UTC
19-Mar-2024 10:59:57.997 INFO [main] org.apache.catalina.startup.VersionLoggerListener.log Server version number: 10.1.19.0
19-Mar-2024 10:59:57.997 INFO [main] org.apache.catalina.startup.VersionLoggerListener.log OS Name:               Windows 11
19-Mar-2024 10:59:57.997 INFO [main] org.apache.catalina.startup.VersionLoggerListener.log OS Version:            10.0
19-Mar-2024 10:59:57.997 INFO [main] org.apache.catalina.startup.VersionLoggerListener.log Architecture:          amd64
19-Mar-2024 10:59:57.997 INFO [main] org.apache.catalina.startup.VersionLoggerListener.log Java Home:             C:\Program Files\Java\jdk-17
19-Mar-2024 10:59:57.997 INFO [main] org.apache.catalina.startup.VersionLoggerListener.log JVM Version:           17.0.9+11-LTS-201
19-Mar-2024 10:59:57.997 INFO [main] org.apache.catalina.startup.VersionLoggerListener.log JVM Vendor:            Oracle Corporation
19-Mar-2024 10:59:57.997 INFO [main] org.apache.catalina.startup.VersionLoggerListener.log CATALINA_BASE:         C:\Users\chimm\CSI2132 files\CSI2132Deliverable2\CSI2132_Deliverable2
19-Mar-2024 10:59:57.997 INFO [main] org.apache.catalina.startup.VersionLoggerListener.log CATALINA_HOME:         C:\Program Files\Apache Software Foundation\Tomcat 10.1
19-Mar-2024 10:59:58.018 INFO [main] org.apache.catalina.startup.VersionLoggerListener.log Command line argument: --add-opens=java.base/java.lang=ALL-UNNAMED
19-Mar-2024 10:59:58.019 INFO [main] org.apache.catalina.startup.VersionLoggerListener.log Command line argument: --add-opens=java.base/java.io=ALL-UNNAMED
19-Mar-2024 10:59:58.019 INFO [main] org.apache.catalina.startup.VersionLoggerListener.log Command line argument: --add-opens=java.base/java.util=ALL-UNNAMED
19-Mar-2024 10:59:58.019 INFO [main] org.apache.catalina.startup.VersionLoggerListener.log Command line argument: --add-opens=java.base/java.util.concurrent=ALL-UNNAMED
19-Mar-2024 10:59:58.019 INFO [main] org.apache.catalina.startup.VersionLoggerListener.log Command line argument: --add-opens=java.rmi/sun.rmi.transport=ALL-UNNAMED
19-Mar-2024 10:59:58.020 INFO [main] org.apache.catalina.startup.VersionLoggerListener.log Command line argument: -Dcatalina.home=C:\Program Files\Apache Software Foundation\Tomcat 10.1
19-Mar-2024 10:59:58.020 INFO [main] org.apache.catalina.startup.VersionLoggerListener.log Command line argument: -Dcatalina.base=C:\Users\chimm\CSI2132 files\CSI2132Deliverable2\CSI2132_Deliverable2
19-Mar-2024 10:59:58.020 INFO [main] org.apache.catalina.startup.VersionLoggerListener.log Command line argument: -Djava.io.tmpdir=C:\Users\chimm\CSI2132 files\CSI2132Deliverable2\CSI2132_Deliverable2\temp
19-Mar-2024 10:59:58.020 INFO [main] org.apache.catalina.startup.VersionLoggerListener.log Command line argument: -Djava.util.logging.config.file=C:\Users\chimm\CSI2132 files\CSI2132Deliverable2\CSI2132_Deliverable2\conf\logging.properties
19-Mar-2024 10:59:58.020 INFO [main] org.apache.catalina.startup.VersionLoggerListener.log Command line argument: -Djava.util.logging.manager=org.apache.juli.ClassLoaderLogManager
19-Mar-2024 10:59:58.021 INFO [main] org.apache.catalina.startup.VersionLoggerListener.log Command line argument: -javaagent:C:\Program Files\JetBrains\IntelliJ Stored Folder\IntelliJ IDEA Community Edition 2023.3.4\lib\idea_rt.jar=57314:C:\Program Files\JetBrains\IntelliJ Stored Folder\IntelliJ IDEA Community Edition 2023.3.4\bin
19-Mar-2024 10:59:58.021 INFO [main] org.apache.catalina.startup.VersionLoggerListener.log Command line argument: -Dfile.encoding=UTF-8
19-Mar-2024 10:59:58.026 INFO [main] org.apache.catalina.core.AprLifecycleListener.lifecycleEvent The Apache Tomcat Native library which allows using OpenSSL was not found on the java.library.path: [C:\Program Files\Java\jdk-17\bin;C:\WINDOWS\Sun\Java\bin;C:\WINDOWS\system32;C:\WINDOWS;C:\Program Files\Common Files\Oracle\Java\javapath;C:\WINDOWS\system32;C:\WINDOWS;C:\WINDOWS\System32\Wbem;C:\WINDOWS\System32\WindowsPowerShell\v1.0\;C:\WINDOWS\System32\OpenSSH\;C:\Program Files\dotnet\;c:\Program Files (x86)\Acustica\Framework\;c:\Program Files\Acustica\Framework\;C:\Program Files\Git\cmd;C:\Program Files\Go\bin;C:\Program Files\swipl\bin;C:\Program Files\Java\jdk-11.0.17\bin;C:\Users\chimm\AppData\Local\Microsoft\WindowsApps;C:\Users\chimm\AppData\Local\Programs\Microsoft VS Code\bin;C:\Users\chimm\go\bin;.]
19-Mar-2024 10:59:58.283 INFO [main] org.apache.coyote.AbstractProtocol.init Initializing ProtocolHandler ["http-nio-8080"]
19-Mar-2024 10:59:58.327 INFO [main] org.apache.catalina.startup.Catalina.load Server initialization in [505] milliseconds
19-Mar-2024 10:59:58.447 INFO [main] org.apache.catalina.core.StandardService.startInternal Starting service [Catalina]
19-Mar-2024 10:59:58.448 INFO [main] org.apache.catalina.core.StandardEngine.startInternal Starting Servlet engine: [Apache Tomcat/10.1.19]
19-Mar-2024 10:59:58.474 INFO [main] org.apache.catalina.startup.HostConfig.deployDescriptor Deploying deployment descriptor [C:\Users\chimm\CSI2132 files\CSI2132Deliverable2\CSI2132_Deliverable2\conf\Catalina\localhost\CSI2132Deliverable2.xml]
19-Mar-2024 10:59:59.009 INFO [main] org.apache.catalina.startup.HostConfig.deployDescriptor Deployment of deployment descriptor [C:\Users\chimm\CSI2132 files\CSI2132Deliverable2\CSI2132_Deliverable2\conf\Catalina\localhost\CSI2132Deliverable2.xml] has finished in [535] ms
19-Mar-2024 10:59:59.013 INFO [main] org.apache.coyote.AbstractProtocol.start Starting ProtocolHandler ["http-nio-8080"]
19-Mar-2024 10:59:59.053 INFO [main] org.apache.catalina.startup.Catalina.start Server startup in [725] milliseconds
19-Mar-2024 11:00:10.624 INFO [Thread-1] org.apache.coyote.AbstractProtocol.pause Pausing ProtocolHandler ["http-nio-8080"]
19-Mar-2024 11:00:10.637 INFO [Thread-1] org.apache.catalina.core.StandardService.stopInternal Stopping service [Catalina]
19-Mar-2024 11:00:10.651 INFO [Thread-1] org.apache.coyote.AbstractProtocol.stop Stopping ProtocolHandler ["http-nio-8080"]
19-Mar-2024 11:00:10.688 INFO [Thread-1] org.apache.coyote.AbstractProtocol.destroy Destroying ProtocolHandler ["http-nio-8080"]
