27-Mar-2024 12:49:05.397 INFO [main] org.apache.catalina.startup.VersionLoggerListener.log Server version name:   Apache Tomcat/10.1.19
27-Mar-2024 12:49:05.400 INFO [main] org.apache.catalina.startup.VersionLoggerListener.log Server built:          Feb 14 2024 19:36:50 UTC
27-Mar-2024 12:49:05.400 INFO [main] org.apache.catalina.startup.VersionLoggerListener.log Server version number: 10.1.19.0
27-Mar-2024 12:49:05.400 INFO [main] org.apache.catalina.startup.VersionLoggerListener.log OS Name:               Windows 11
27-Mar-2024 12:49:05.400 INFO [main] org.apache.catalina.startup.VersionLoggerListener.log OS Version:            10.0
27-Mar-2024 12:49:05.400 INFO [main] org.apache.catalina.startup.VersionLoggerListener.log Architecture:          amd64
27-Mar-2024 12:49:05.400 INFO [main] org.apache.catalina.startup.VersionLoggerListener.log Java Home:             C:\Program Files\Java\jdk-17
27-Mar-2024 12:49:05.400 INFO [main] org.apache.catalina.startup.VersionLoggerListener.log JVM Version:           17.0.9+11-LTS-201
27-Mar-2024 12:49:05.400 INFO [main] org.apache.catalina.startup.VersionLoggerListener.log JVM Vendor:            Oracle Corporation
27-Mar-2024 12:49:05.401 INFO [main] org.apache.catalina.startup.VersionLoggerListener.log CATALINA_BASE:         C:\Users\chimm\CSI2132 files\CSI2132Deliverable2\CSI2132_Deliverable2
27-Mar-2024 12:49:05.401 INFO [main] org.apache.catalina.startup.VersionLoggerListener.log CATALINA_HOME:         C:\Program Files\Apache Software Foundation\Tomcat 10.1
27-Mar-2024 12:49:05.411 INFO [main] org.apache.catalina.startup.VersionLoggerListener.log Command line argument: --add-opens=java.base/java.lang=ALL-UNNAMED
27-Mar-2024 12:49:05.411 INFO [main] org.apache.catalina.startup.VersionLoggerListener.log Command line argument: --add-opens=java.base/java.io=ALL-UNNAMED
27-Mar-2024 12:49:05.411 INFO [main] org.apache.catalina.startup.VersionLoggerListener.log Command line argument: --add-opens=java.base/java.util=ALL-UNNAMED
27-Mar-2024 12:49:05.411 INFO [main] org.apache.catalina.startup.VersionLoggerListener.log Command line argument: --add-opens=java.base/java.util.concurrent=ALL-UNNAMED
27-Mar-2024 12:49:05.411 INFO [main] org.apache.catalina.startup.VersionLoggerListener.log Command line argument: --add-opens=java.rmi/sun.rmi.transport=ALL-UNNAMED
27-Mar-2024 12:49:05.411 INFO [main] org.apache.catalina.startup.VersionLoggerListener.log Command line argument: -Dcatalina.home=C:\Program Files\Apache Software Foundation\Tomcat 10.1
27-Mar-2024 12:49:05.412 INFO [main] org.apache.catalina.startup.VersionLoggerListener.log Command line argument: -Dcatalina.base=C:\Users\chimm\CSI2132 files\CSI2132Deliverable2\CSI2132_Deliverable2
27-Mar-2024 12:49:05.412 INFO [main] org.apache.catalina.startup.VersionLoggerListener.log Command line argument: -Djava.io.tmpdir=C:\Users\chimm\CSI2132 files\CSI2132Deliverable2\CSI2132_Deliverable2\temp
27-Mar-2024 12:49:05.412 INFO [main] org.apache.catalina.startup.VersionLoggerListener.log Command line argument: -Djava.util.logging.config.file=C:\Users\chimm\CSI2132 files\CSI2132Deliverable2\CSI2132_Deliverable2\conf\logging.properties
27-Mar-2024 12:49:05.412 INFO [main] org.apache.catalina.startup.VersionLoggerListener.log Command line argument: -Djava.util.logging.manager=org.apache.juli.ClassLoaderLogManager
27-Mar-2024 12:49:05.412 INFO [main] org.apache.catalina.startup.VersionLoggerListener.log Command line argument: -javaagent:C:\Program Files\JetBrains\IntelliJ Stored Folder\IntelliJ IDEA Community Edition 2023.3.4\lib\idea_rt.jar=60861:C:\Program Files\JetBrains\IntelliJ Stored Folder\IntelliJ IDEA Community Edition 2023.3.4\bin
27-Mar-2024 12:49:05.412 INFO [main] org.apache.catalina.startup.VersionLoggerListener.log Command line argument: -Dfile.encoding=UTF-8
27-Mar-2024 12:49:05.415 INFO [main] org.apache.catalina.core.AprLifecycleListener.lifecycleEvent The Apache Tomcat Native library which allows using OpenSSL was not found on the java.library.path: [C:\Program Files\Java\jdk-17\bin;C:\WINDOWS\Sun\Java\bin;C:\WINDOWS\system32;C:\WINDOWS;C:\Program Files\Common Files\Oracle\Java\javapath;C:\WINDOWS\system32;C:\WINDOWS;C:\WINDOWS\System32\Wbem;C:\WINDOWS\System32\WindowsPowerShell\v1.0\;C:\WINDOWS\System32\OpenSSH\;C:\Program Files\dotnet\;c:\Program Files (x86)\Acustica\Framework\;c:\Program Files\Acustica\Framework\;C:\Program Files\Git\cmd;C:\Program Files\Go\bin;C:\Program Files\swipl\bin;C:\Program Files\Java\jdk-11.0.17\bin;C:\Users\chimm\AppData\Local\Microsoft\WindowsApps;C:\Users\chimm\AppData\Local\Programs\Microsoft VS Code\bin;C:\Users\chimm\go\bin;.]
27-Mar-2024 12:49:05.602 INFO [main] org.apache.coyote.AbstractProtocol.init Initializing ProtocolHandler ["http-nio-8080"]
27-Mar-2024 12:49:05.621 INFO [main] org.apache.catalina.startup.Catalina.load Server initialization in [366] milliseconds
27-Mar-2024 12:49:05.714 INFO [main] org.apache.catalina.core.StandardService.startInternal Starting service [Catalina]
27-Mar-2024 12:49:05.715 INFO [main] org.apache.catalina.core.StandardEngine.startInternal Starting Servlet engine: [Apache Tomcat/10.1.19]
27-Mar-2024 12:49:05.734 INFO [main] org.apache.catalina.startup.HostConfig.deployDescriptor Deploying deployment descriptor [C:\Users\chimm\CSI2132 files\CSI2132Deliverable2\CSI2132_Deliverable2\conf\Catalina\localhost\CSI2132_Deliverable2.xml]
27-Mar-2024 12:49:06.119 INFO [main] org.apache.catalina.startup.HostConfig.deployDescriptor Deployment of deployment descriptor [C:\Users\chimm\CSI2132 files\CSI2132Deliverable2\CSI2132_Deliverable2\conf\Catalina\localhost\CSI2132_Deliverable2.xml] has finished in [385] ms
27-Mar-2024 12:49:06.124 INFO [main] org.apache.coyote.AbstractProtocol.start Starting ProtocolHandler ["http-nio-8080"]
27-Mar-2024 12:49:06.164 INFO [main] org.apache.catalina.startup.Catalina.start Server startup in [542] milliseconds
27-Mar-2024 12:52:24.469 INFO [Thread-1] org.apache.coyote.AbstractProtocol.pause Pausing ProtocolHandler ["http-nio-8080"]
27-Mar-2024 12:52:24.483 INFO [Thread-1] org.apache.catalina.core.StandardService.stopInternal Stopping service [Catalina]
27-Mar-2024 12:52:24.499 INFO [Thread-1] org.apache.coyote.AbstractProtocol.stop Stopping ProtocolHandler ["http-nio-8080"]
27-Mar-2024 12:52:24.513 INFO [Thread-1] org.apache.coyote.AbstractProtocol.destroy Destroying ProtocolHandler ["http-nio-8080"]
