27-Mar-2024 12:49:08.582 SEVERE [http-nio-8080-exec-2] org.apache.catalina.core.StandardWrapperValve.invoke Servlet.service() for servlet [jsp] in context with path [/CSI2132_Deliverable2] threw exception [Unable to compile class for JSP: 

An error occurred at line: [14] in the generated java file: [C:\Users\chimm\CSI2132 files\CSI2132Deliverable2\CSI2132_Deliverable2\work\Catalina\localhost\CSI2132_Deliverable2\org\apache\jsp\index_jsp.java]
Only a type can be imported. com.CSI2132Deliverable2.HotelChain resolves to a package

An error occurred at line: [15] in the generated java file: [C:\Users\chimm\CSI2132 files\CSI2132Deliverable2\CSI2132_Deliverable2\work\Catalina\localhost\CSI2132_Deliverable2\org\apache\jsp\index_jsp.java]
Only a type can be imported. com.CSI2132Deliverable2.HotelChainService resolves to a package

An error occurred at line: [16] in the generated java file: [C:\Users\chimm\CSI2132 files\CSI2132Deliverable2\CSI2132_Deliverable2\work\Catalina\localhost\CSI2132_Deliverable2\org\apache\jsp\index_jsp.java]
Only a type can be imported. com.CSI2132Deliverable2.Message resolves to a package

An error occurred at line: [7] in the jsp file: [/index.jsp]
Message cannot be resolved to a type
4: <%@ page contentType="text/html; cha=UTF-8" language="java" %>
5: 
6: <%
7:     ArrayList<Message> messages;
8: 
9:     //Get any incoming messages from session attribute named messages
10:     //If nothing exists, then messages is empty


An error occurred at line: [11] in the jsp file: [/index.jsp]
Message cannot be resolved to a type
8: 
9:     //Get any incoming messages from session attribute named messages
10:     //If nothing exists, then messages is empty
11:     if ((ArrayList<Message>) session.getAttribute("messages") == null)
12:         messages = new ArrayList<>();
13:     else //Else get the messages
14:         messages = (ArrayList<Message>) session.getAttribute("messages");


An error occurred at line: [14] in the jsp file: [/index.jsp]
Message cannot be resolved to a type
11:     if ((ArrayList<Message>) session.getAttribute("messages") == null)
12:         messages = new ArrayList<>();
13:     else //Else get the messages
14:         messages = (ArrayList<Message>) session.getAttribute("messages");
15: 
16:     String msgField = "";
17: 


An error occurred at line: [19] in the jsp file: [/index.jsp]
Message cannot be resolved to a type
16:     String msgField = "";
17: 
18:     //Create the object in the form of a stringified json
19:     for (Message m : messages) {
20:         msgField += "{\"type\":\"" + m.type + "\",\"value\":\"" + m.value.replaceAll("['\"]+", "") + "\"},";
21:     }
22: 


An error occurred at line: [24] in the jsp file: [/index.jsp]
Message cannot be resolved to a type
21:     }
22: 
23:     //Empty the sessions messages
24:     session.setAttribute("messages", new ArrayList<Message>());
25: 
26: 
27:     //Retrieve all the HotelChain details from database


An error occurred at line: [28] in the jsp file: [/index.jsp]
HotelChain cannot be resolved to a type
25: 
26: 
27:     //Retrieve all the HotelChain details from database
28:     ArrayList<HotelChain> hCList = null;
29:     HotelChainService hCS = new HotelChainService();
30: 
31:     try {


An error occurred at line: [29] in the jsp file: [/index.jsp]
HotelChainService cannot be resolved to a type
26: 
27:     //Retrieve all the HotelChain details from database
28:     ArrayList<HotelChain> hCList = null;
29:     HotelChainService hCS = new HotelChainService();
30: 
31:     try {
32:         //Try to retrieve the information and cast it to a list


An error occurred at line: [29] in the jsp file: [/index.jsp]
HotelChainService cannot be resolved to a type
26: 
27:     //Retrieve all the HotelChain details from database
28:     ArrayList<HotelChain> hCList = null;
29:     HotelChainService hCS = new HotelChainService();
30: 
31:     try {
32:         //Try to retrieve the information and cast it to a list


An error occurred at line: [33] in the jsp file: [/index.jsp]
HotelChain cannot be resolved to a type
30: 
31:     try {
32:         //Try to retrieve the information and cast it to a list
33:         hCList = (ArrayList<HotelChain>) hCS.getHotelChains();
34:     } catch (Exception e) {
35:         e.printStackTrace();
36:     }


An error occurred at line: [102] in the jsp file: [/index.jsp]
HotelChain cannot be resolved to a type
99:                                 </thead>
100:                                 <tbody>
101:                                 <%
102:                                 for (HotelChain hC : hCList) { %>
103:                                 <tr>
104:                                     <td><%= hC.getHotelChainID() %></td>
105:                                     <td><%= hC.getAddressOfCentralOffices() %></td>


Stacktrace:] with root cause
	org.apache.jasper.JasperException: Unable to compile class for JSP: 

An error occurred at line: [14] in the generated java file: [C:\Users\chimm\CSI2132 files\CSI2132Deliverable2\CSI2132_Deliverable2\work\Catalina\localhost\CSI2132_Deliverable2\org\apache\jsp\index_jsp.java]
Only a type can be imported. com.CSI2132Deliverable2.HotelChain resolves to a package

An error occurred at line: [15] in the generated java file: [C:\Users\chimm\CSI2132 files\CSI2132Deliverable2\CSI2132_Deliverable2\work\Catalina\localhost\CSI2132_Deliverable2\org\apache\jsp\index_jsp.java]
Only a type can be imported. com.CSI2132Deliverable2.HotelChainService resolves to a package

An error occurred at line: [16] in the generated java file: [C:\Users\chimm\CSI2132 files\CSI2132Deliverable2\CSI2132_Deliverable2\work\Catalina\localhost\CSI2132_Deliverable2\org\apache\jsp\index_jsp.java]
Only a type can be imported. com.CSI2132Deliverable2.Message resolves to a package

An error occurred at line: [7] in the jsp file: [/index.jsp]
Message cannot be resolved to a type
4: <%@ page contentType="text/html; cha=UTF-8" language="java" %>
5: 
6: <%
7:     ArrayList<Message> messages;
8: 
9:     //Get any incoming messages from session attribute named messages
10:     //If nothing exists, then messages is empty


An error occurred at line: [11] in the jsp file: [/index.jsp]
Message cannot be resolved to a type
8: 
9:     //Get any incoming messages from session attribute named messages
10:     //If nothing exists, then messages is empty
11:     if ((ArrayList<Message>) session.getAttribute("messages") == null)
12:         messages = new ArrayList<>();
13:     else //Else get the messages
14:         messages = (ArrayList<Message>) session.getAttribute("messages");


An error occurred at line: [14] in the jsp file: [/index.jsp]
Message cannot be resolved to a type
11:     if ((ArrayList<Message>) session.getAttribute("messages") == null)
12:         messages = new ArrayList<>();
13:     else //Else get the messages
14:         messages = (ArrayList<Message>) session.getAttribute("messages");
15: 
16:     String msgField = "";
17: 


An error occurred at line: [19] in the jsp file: [/index.jsp]
Message cannot be resolved to a type
16:     String msgField = "";
17: 
18:     //Create the object in the form of a stringified json
19:     for (Message m : messages) {
20:         msgField += "{\"type\":\"" + m.type + "\",\"value\":\"" + m.value.replaceAll("['\"]+", "") + "\"},";
21:     }
22: 


An error occurred at line: [24] in the jsp file: [/index.jsp]
Message cannot be resolved to a type
21:     }
22: 
23:     //Empty the sessions messages
24:     session.setAttribute("messages", new ArrayList<Message>());
25: 
26: 
27:     //Retrieve all the HotelChain details from database


An error occurred at line: [28] in the jsp file: [/index.jsp]
HotelChain cannot be resolved to a type
25: 
26: 
27:     //Retrieve all the HotelChain details from database
28:     ArrayList<HotelChain> hCList = null;
29:     HotelChainService hCS = new HotelChainService();
30: 
31:     try {


An error occurred at line: [29] in the jsp file: [/index.jsp]
HotelChainService cannot be resolved to a type
26: 
27:     //Retrieve all the HotelChain details from database
28:     ArrayList<HotelChain> hCList = null;
29:     HotelChainService hCS = new HotelChainService();
30: 
31:     try {
32:         //Try to retrieve the information and cast it to a list


An error occurred at line: [29] in the jsp file: [/index.jsp]
HotelChainService cannot be resolved to a type
26: 
27:     //Retrieve all the HotelChain details from database
28:     ArrayList<HotelChain> hCList = null;
29:     HotelChainService hCS = new HotelChainService();
30: 
31:     try {
32:         //Try to retrieve the information and cast it to a list


An error occurred at line: [33] in the jsp file: [/index.jsp]
HotelChain cannot be resolved to a type
30: 
31:     try {
32:         //Try to retrieve the information and cast it to a list
33:         hCList = (ArrayList<HotelChain>) hCS.getHotelChains();
34:     } catch (Exception e) {
35:         e.printStackTrace();
36:     }


An error occurred at line: [102] in the jsp file: [/index.jsp]
HotelChain cannot be resolved to a type
99:                                 </thead>
100:                                 <tbody>
101:                                 <%
102:                                 for (HotelChain hC : hCList) { %>
103:                                 <tr>
104:                                     <td><%= hC.getHotelChainID() %></td>
105:                                     <td><%= hC.getAddressOfCentralOffices() %></td>


Stacktrace:
		at org.apache.jasper.compiler.DefaultErrorHandler.javacError(DefaultErrorHandler.java:102)
		at org.apache.jasper.compiler.ErrorDispatcher.javacError(ErrorDispatcher.java:214)
		at org.apache.jasper.compiler.JDTCompiler.generateClass(JDTCompiler.java:513)
		at org.apache.jasper.compiler.Compiler.compile(Compiler.java:402)
		at org.apache.jasper.compiler.Compiler.compile(Compiler.java:372)
		at org.apache.jasper.compiler.Compiler.compile(Compiler.java:356)
		at org.apache.jasper.JspCompilationContext.compile(JspCompilationContext.java:603)
		at org.apache.jasper.servlet.JspServletWrapper.service(JspServletWrapper.java:396)
		at org.apache.jasper.servlet.JspServlet.serviceJspFile(JspServlet.java:380)
		at org.apache.jasper.servlet.JspServlet.service(JspServlet.java:328)
		at jakarta.servlet.http.HttpServlet.service(HttpServlet.java:658)
		at org.apache.catalina.core.ApplicationFilterChain.internalDoFilter(ApplicationFilterChain.java:205)
		at org.apache.catalina.core.ApplicationFilterChain.doFilter(ApplicationFilterChain.java:149)
		at org.apache.tomcat.websocket.server.WsFilter.doFilter(WsFilter.java:51)
		at org.apache.catalina.core.ApplicationFilterChain.internalDoFilter(ApplicationFilterChain.java:174)
		at org.apache.catalina.core.ApplicationFilterChain.doFilter(ApplicationFilterChain.java:149)
		at org.apache.catalina.core.StandardWrapperValve.invoke(StandardWrapperValve.java:167)
		at org.apache.catalina.core.StandardContextValve.invoke(StandardContextValve.java:90)
		at org.apache.catalina.authenticator.AuthenticatorBase.invoke(AuthenticatorBase.java:482)
		at org.apache.catalina.core.StandardHostValve.invoke(StandardHostValve.java:115)
		at org.apache.catalina.valves.ErrorReportValve.invoke(ErrorReportValve.java:93)
		at org.apache.catalina.valves.AbstractAccessLogValve.invoke(AbstractAccessLogValve.java:673)
		at org.apache.catalina.core.StandardEngineValve.invoke(StandardEngineValve.java:74)
		at org.apache.catalina.connector.CoyoteAdapter.service(CoyoteAdapter.java:344)
		at org.apache.coyote.http11.Http11Processor.service(Http11Processor.java:391)
		at org.apache.coyote.AbstractProcessorLight.process(AbstractProcessorLight.java:63)
		at org.apache.coyote.AbstractProtocol$ConnectionHandler.process(AbstractProtocol.java:896)
		at org.apache.tomcat.util.net.NioEndpoint$SocketProcessor.doRun(NioEndpoint.java:1744)
		at org.apache.tomcat.util.net.SocketProcessorBase.run(SocketProcessorBase.java:52)
		at org.apache.tomcat.util.threads.ThreadPoolExecutor.runWorker(ThreadPoolExecutor.java:1191)
		at org.apache.tomcat.util.threads.ThreadPoolExecutor$Worker.run(ThreadPoolExecutor.java:659)
		at org.apache.tomcat.util.threads.TaskThread$WrappingRunnable.run(TaskThread.java:63)
		at java.base/java.lang.Thread.run(Thread.java:842)
